<?xml version="1.0" encoding="UTF-8"?>
<testsuites>
    <testsuite name="select-countries;finding-countries-in-the-drop-down-menu" tests="3" failures="0" skipped="0">
        <properties>
            <property name="URI" value="C:/Users/jitma/Desktop/Holidaymaker/js-frontend/tests/selenium/features/country.feature">
            </property>
        </properties>
        <testcase name="Given that i am on the holidaymaker webpage" classname="select-countries;finding-countries-in-the-drop-down-menu" time="4.2211796">
        </testcase>
        <testcase name="When i click &quot;välj land&quot;" classname="select-countries;finding-countries-in-the-drop-down-menu" time="0.236629401">
        </testcase>
        <testcase name="Then i should get a list of countries" classname="select-countries;finding-countries-in-the-drop-down-menu" time="0.021020499">
        </testcase>
    </testsuite>
    <testsuite name="test-holidaymaker-home-page;sign-up" tests="8" failures="0" skipped="1">
        <properties>
            <property name="URI" value="C:/Users/jitma/Desktop/Holidaymaker/js-frontend/tests/selenium/features/search.feature">
            </property>
        </properties>
        <testcase name="Given that I&apos;m at the Holidaymaker home page" classname="test-holidaymaker-home-page;sign-up" time="7.9560119">
        </testcase>
        <testcase name="When I click Register on menu" classname="test-holidaymaker-home-page;sign-up" time="2.3202203">
        </testcase>
        <testcase name="And I enter my Email" classname="test-holidaymaker-home-page;sign-up" time="2.082359">
        </testcase>
        <testcase name="And I enter Lösenord" classname="test-holidaymaker-home-page;sign-up" time="2.0662979">
        </testcase>
        <testcase name="And I enter Namn" classname="test-holidaymaker-home-page;sign-up" time="2.0400397">
        </testcase>
        <testcase name="And I enter Telefon" classname="test-holidaymaker-home-page;sign-up" time="2.030903601">
        </testcase>
        <testcase name="And I click the Registrera button to complete" classname="test-holidaymaker-home-page;sign-up" time="1.0891538">
        </testcase>
        <testcase name="Then Sign-up is finished and the page opens the next page." classname="test-holidaymaker-home-page;sign-up">
            <skipped message="">
            </skipped>
        </testcase>
    </testsuite>
    <testsuite name="test-holidaymaker-home-page;log-in" tests="6" failures="0" skipped="1">
        <properties>
            <property name="URI" value="C:/Users/jitma/Desktop/Holidaymaker/js-frontend/tests/selenium/features/search.feature">
            </property>
        </properties>
        <testcase name="Given that I&apos;m at the Holidaymaker home page" classname="test-holidaymaker-home-page;log-in" time="7.6124297">
        </testcase>
        <testcase name="When I click Login on menu" classname="test-holidaymaker-home-page;log-in" time="2.2875358">
        </testcase>
        <testcase name="And I enter User name" classname="test-holidaymaker-home-page;log-in" time="2.0448682">
        </testcase>
        <testcase name="And I enter Password" classname="test-holidaymaker-home-page;log-in" time="2.0320356">
        </testcase>
        <testcase name="And I click the Login button" classname="test-holidaymaker-home-page;log-in" time="1.2383002">
        </testcase>
        <testcase name="Then I am logged in." classname="test-holidaymaker-home-page;log-in">
            <skipped message="">
            </skipped>
        </testcase>
    </testsuite>
    <testsuite name="test-holidaymaker-home-page;search-for-available-rooms" tests="9" failures="0" skipped="1">
        <properties>
            <property name="URI" value="C:/Users/jitma/Desktop/Holidaymaker/js-frontend/tests/selenium/features/search.feature">
            </property>
        </properties>
        <testcase name="Given that I&apos;m at the Holidaymaker home page" classname="test-holidaymaker-home-page;search-for-available-rooms" time="7.5043366">
        </testcase>
        <testcase name="When I choose Frankrike" classname="test-holidaymaker-home-page;search-for-available-rooms" time="1.2543234">
        </testcase>
        <testcase name="And I enter check-in date" classname="test-holidaymaker-home-page;search-for-available-rooms" time="2.2750352">
        </testcase>
        <testcase name="And I enter check-out date" classname="test-holidaymaker-home-page;search-for-available-rooms" time="2.281885">
        </testcase>
        <testcase name="And I enter the number of adults" classname="test-holidaymaker-home-page;search-for-available-rooms" time="1.225237001">
        </testcase>
        <testcase name="And I enter the number of kids" classname="test-holidaymaker-home-page;search-for-available-rooms" time="1.224381799">
        </testcase>
        <testcase name="And I enter the number of babies" classname="test-holidaymaker-home-page;search-for-available-rooms" time="1.2463715">
        </testcase>
        <testcase name="And I click the Sök button" classname="test-holidaymaker-home-page;search-for-available-rooms" time="1.2556503">
        </testcase>
        <testcase name="Then The page shows the results." classname="test-holidaymaker-home-page;search-for-available-rooms">
            <skipped message="">
            </skipped>
        </testcase>
    </testsuite>
</testsuites>