<?xml version="1.0" encoding="UTF-8"?>
<testsuites>
    <testsuite name="select-countries;finding-countries-in-the-drop-down-menu" tests="3" failures="0" skipped="0">
        <properties>
            <property name="URI" value="C:/Users/jitma/Desktop/Holidaymaker/js-frontend/tests/selenium/features/country.feature">
            </property>
        </properties>
        <testcase name="Given that i am on the holidaymaker webpage" classname="select-countries;finding-countries-in-the-drop-down-menu" time="6.148749599">
        </testcase>
        <testcase name="When i click &quot;välj land&quot;" classname="select-countries;finding-countries-in-the-drop-down-menu" time="0.0071513">
        </testcase>
        <testcase name="Then i should get a list of countries" classname="select-countries;finding-countries-in-the-drop-down-menu" time="0.265375501">
        </testcase>
    </testsuite>
    <testsuite name="test-holidaymaker-home-page;sign-up" tests="9" failures="1" skipped="1">
        <properties>
            <property name="URI" value="C:/Users/jitma/Desktop/Holidaymaker/js-frontend/tests/selenium/features/holidaymaker.feature">
            </property>
        </properties>
        <testcase name="Given that I&apos;m at the Holidaymaker home page" classname="test-holidaymaker-home-page;sign-up" time="8.0309696">
        </testcase>
        <testcase name="When I click Register on menu" classname="test-holidaymaker-home-page;sign-up" time="2.315830899">
        </testcase>
        <testcase name="And I enter Email" classname="test-holidaymaker-home-page;sign-up" time="2.0725455">
        </testcase>
        <testcase name="And I enter Lösenord" classname="test-holidaymaker-home-page;sign-up" time="2.064016">
        </testcase>
        <testcase name="And I enter Namn" classname="test-holidaymaker-home-page;sign-up" time="2.0399161">
        </testcase>
        <testcase name="And I enter Telefon" classname="test-holidaymaker-home-page;sign-up" time="2.0512566">
        </testcase>
        <testcase name="And I click the Registrera button and Popup shows that the signup is done" classname="test-holidaymaker-home-page;sign-up" time="1.235838301">
        </testcase>
        <testcase name="And I close the popup" classname="test-holidaymaker-home-page;sign-up" time="20.001340299">
            <failure message="function timed out after 20000 milliseconds">function timed out after 20000 milliseconds</failure>
        </testcase>
        <testcase name="Then Signup is done." classname="test-holidaymaker-home-page;sign-up">
            <skipped message="">
            </skipped>
        </testcase>
    </testsuite>
    <testsuite name="test-holidaymaker-home-page;log-in" tests="6" failures="0" skipped="0">
        <properties>
            <property name="URI" value="C:/Users/jitma/Desktop/Holidaymaker/js-frontend/tests/selenium/features/holidaymaker.feature">
            </property>
        </properties>
        <testcase name="Given that I&apos;m at the Holidaymaker home page" classname="test-holidaymaker-home-page;log-in" time="7.595104501">
        </testcase>
        <testcase name="When I click Login on menu" classname="test-holidaymaker-home-page;log-in" time="2.3199828">
        </testcase>
        <testcase name="And I enter User name" classname="test-holidaymaker-home-page;log-in" time="2.0838059">
        </testcase>
        <testcase name="And I enter Password" classname="test-holidaymaker-home-page;log-in" time="2.042895101">
        </testcase>
        <testcase name="And I click the Login button" classname="test-holidaymaker-home-page;log-in" time="1.2589516">
        </testcase>
        <testcase name="Then I am logged in." classname="test-holidaymaker-home-page;log-in" time="1.0159287">
        </testcase>
    </testsuite>
    <testsuite name="test-holidaymaker-home-page;search-for-available-rooms" tests="9" failures="0" skipped="0">
        <properties>
            <property name="URI" value="C:/Users/jitma/Desktop/Holidaymaker/js-frontend/tests/selenium/features/holidaymaker.feature">
            </property>
        </properties>
        <testcase name="Given that I&apos;m at the Holidaymaker home page" classname="test-holidaymaker-home-page;search-for-available-rooms" time="7.046495499">
        </testcase>
        <testcase name="When I choose Frankrike" classname="test-holidaymaker-home-page;search-for-available-rooms" time="1.2903442">
        </testcase>
        <testcase name="And I enter check-in date" classname="test-holidaymaker-home-page;search-for-available-rooms" time="1.3063724">
        </testcase>
        <testcase name="And I enter check-out date" classname="test-holidaymaker-home-page;search-for-available-rooms" time="1.2684167">
        </testcase>
        <testcase name="And I enter the number of adults" classname="test-holidaymaker-home-page;search-for-available-rooms" time="1.2229172">
        </testcase>
        <testcase name="And I enter the number of kids" classname="test-holidaymaker-home-page;search-for-available-rooms" time="1.244068701">
        </testcase>
        <testcase name="And I enter the number of babies" classname="test-holidaymaker-home-page;search-for-available-rooms" time="1.2481909">
        </testcase>
        <testcase name="And I click the Sök button" classname="test-holidaymaker-home-page;search-for-available-rooms" time="1.259326799">
        </testcase>
        <testcase name="Then The page shows the results." classname="test-holidaymaker-home-page;search-for-available-rooms" time="0.000116901">
        </testcase>
    </testsuite>
    <testsuite name="test-holidaymaker-home-page;log-in" tests="6" failures="0" skipped="0">
        <properties>
            <property name="URI" value="C:/Users/jitma/Desktop/Holidaymaker/js-frontend/tests/selenium/features/login.feature">
            </property>
        </properties>
        <testcase name="Given that I&apos;m at the Holidaymaker home page" classname="test-holidaymaker-home-page;log-in" time="7.5903022">
        </testcase>
        <testcase name="When I click Login on menu" classname="test-holidaymaker-home-page;log-in" time="2.2591382">
        </testcase>
        <testcase name="And I enter User name" classname="test-holidaymaker-home-page;log-in" time="2.0465065">
        </testcase>
        <testcase name="And I enter Password" classname="test-holidaymaker-home-page;log-in" time="2.0323718">
        </testcase>
        <testcase name="And I click the Login button" classname="test-holidaymaker-home-page;log-in" time="1.225995499">
        </testcase>
        <testcase name="Then I am logged in." classname="test-holidaymaker-home-page;log-in" time="1.0254001">
        </testcase>
    </testsuite>
    <testsuite name="test-holidaymaker-home-page;sign-up" tests="9" failures="1" skipped="1">
        <properties>
            <property name="URI" value="C:/Users/jitma/Desktop/Holidaymaker/js-frontend/tests/selenium/features/signup.feature">
            </property>
        </properties>
        <testcase name="Given that I&apos;m at the Holidaymaker home page" classname="test-holidaymaker-home-page;sign-up" time="7.5366201">
        </testcase>
        <testcase name="When I click Register on menu" classname="test-holidaymaker-home-page;sign-up" time="2.3483009">
        </testcase>
        <testcase name="And I enter Email" classname="test-holidaymaker-home-page;sign-up" time="2.0552087">
        </testcase>
        <testcase name="And I enter Lösenord" classname="test-holidaymaker-home-page;sign-up" time="2.0331632">
        </testcase>
        <testcase name="And I enter Namn" classname="test-holidaymaker-home-page;sign-up" time="2.0732143">
        </testcase>
        <testcase name="And I enter Telefon" classname="test-holidaymaker-home-page;sign-up" time="2.051765899">
        </testcase>
        <testcase name="And I click the Registrera button and Popup shows that the signup is done" classname="test-holidaymaker-home-page;sign-up" time="1.2494058">
        </testcase>
        <testcase name="And I close the popup" classname="test-holidaymaker-home-page;sign-up" time="19.9997894">
            <failure message="function timed out after 20000 milliseconds">function timed out after 20000 milliseconds</failure>
        </testcase>
        <testcase name="Then Signip is done and get back to the main page." classname="test-holidaymaker-home-page;sign-up">
            <skipped message="">
            </skipped>
        </testcase>
    </testsuite>
</testsuites>